\BOOKMARK [0][-]{chapter.1}{SYNOPSIS}{}% 1
\BOOKMARK [1][-]{section.1.1}{PROJECT TITLE}{chapter.1}% 2
\BOOKMARK [1][-]{section.1.2}{PROJECT OPTION}{chapter.1}% 3
\BOOKMARK [1][-]{section.1.3}{INTERNAL GUIDE}{chapter.1}% 4
\BOOKMARK [1][-]{section.1.4}{SPONSORSHIP AND EXTERNAL GUIDE}{chapter.1}% 5
\BOOKMARK [1][-]{section.1.5}{ TECHNICAL KEYWORDS}{chapter.1}% 6
\BOOKMARK [1][-]{section.1.6}{PROBLEM STATEMENT}{chapter.1}% 7
\BOOKMARK [1][-]{section.1.7}{ABSTRACT}{chapter.1}% 8
\BOOKMARK [1][-]{section.1.8}{GOALS AND OBJECTIVES}{chapter.1}% 9
\BOOKMARK [1][-]{section.1.9}{RELEVANT MATHEMATICS ASSOCIATED WITH THE PROJECT}{chapter.1}% 10
\BOOKMARK [1][-]{section.1.10}{NAMES OF CONFERENCES WHERE PAPER CAN PUBLISH}{chapter.1}% 11
\BOOKMARK [1][-]{section.1.11}{REVIEW OF CONFERENCE/JOURNAL PAPERS SUPPORTING DISSERTATION IDEA}{chapter.1}% 12
\BOOKMARK [1][-]{section.1.12}{PLAN OF PROJECT EXECUTION}{chapter.1}% 13
\BOOKMARK [0][-]{chapter.2}{TECHNICAL KEYWORDS}{}% 14
\BOOKMARK [1][-]{section.2.1}{AREA OF PROJECT}{chapter.2}% 15
\BOOKMARK [1][-]{section.2.2}{TECHNICAL KEYWORDS}{chapter.2}% 16
\BOOKMARK [0][-]{chapter.3}{INTRODUCTION}{}% 17
\BOOKMARK [1][-]{section.3.1}{PROJECT IDEA}{chapter.3}% 18
\BOOKMARK [1][-]{section.3.2}{MOTIVATION}{chapter.3}% 19
\BOOKMARK [1][-]{section.3.3}{LITERATURE SURVEY}{chapter.3}% 20
\BOOKMARK [0][-]{chapter.4}{PROBLEM DEFINITION AND SCOPE}{}% 21
\BOOKMARK [1][-]{section.4.1}{PROBLEM STATEMENT}{chapter.4}% 22
\BOOKMARK [2][-]{subsection.4.1.1}{GOALS AND OBJECTIVES}{section.4.1}% 23
\BOOKMARK [2][-]{subsection.4.1.2}{STATEMENT OF SCOPE}{section.4.1}% 24
\BOOKMARK [1][-]{section.4.2}{MAJOR CONSTRAINTS}{chapter.4}% 25
\BOOKMARK [1][-]{section.4.3}{METHODOLOGIES OF PROBLEM SOLVING AND EFFICIENCY ISSUES}{chapter.4}% 26
\BOOKMARK [1][-]{section.4.4}{OUTCOMES}{chapter.4}% 27
\BOOKMARK [1][-]{section.4.5}{Applications}{chapter.4}% 28
\BOOKMARK [1][-]{section.4.6}{HARDWARE RESOURCES REQUIRED}{chapter.4}% 29
\BOOKMARK [1][-]{section.4.7}{SOFTWARE RESOURCES REQUIRED}{chapter.4}% 30
\BOOKMARK [0][-]{chapter.5}{PROJECT PLAN}{}% 31
\BOOKMARK [1][-]{section.5.1}{PROJECT ESTIMATES}{chapter.5}% 32
\BOOKMARK [1][-]{section.5.2}{RISK MANAGEMENT}{chapter.5}% 33
\BOOKMARK [2][-]{subsection.5.2.1}{RISK IDENTIFICATION}{section.5.2}% 34
\BOOKMARK [2][-]{subsection.5.2.2}{RISK ANALYSIS}{section.5.2}% 35
\BOOKMARK [1][-]{section.5.3}{PROJECT SCHEDULE}{chapter.5}% 36
\BOOKMARK [2][-]{subsection.5.3.1}{PROJECT TASK SET}{section.5.3}% 37
\BOOKMARK [2][-]{subsection.5.3.2}{TASK NETWORK}{section.5.3}% 38
\BOOKMARK [1][-]{section.5.4}{TEAM ORGANIZATION}{chapter.5}% 39
\BOOKMARK [2][-]{subsection.5.4.1}{TEAM STRUCTURE}{section.5.4}% 40
\BOOKMARK [0][-]{chapter.6}{SOFTWARE REQUIREMENT AND SPECIFICATION}{}% 41
\BOOKMARK [1][-]{section.6.1}{INTRODUCTION}{chapter.6}% 42
\BOOKMARK [2][-]{subsection.6.1.1}{Purpose and Scope of Document}{section.6.1}% 43
\BOOKMARK [2][-]{subsection.6.1.2}{Overview and Responsibilities of Developer}{section.6.1}% 44
\BOOKMARK [2][-]{subsection.6.1.3}{Software Development Life Cycle \(SDLC\) Phases}{section.6.1}% 45
\BOOKMARK [1][-]{section.6.2}{USAGE SCENARIO}{chapter.6}% 46
\BOOKMARK [2][-]{subsection.6.2.1}{User Profiles}{section.6.2}% 47
\BOOKMARK [2][-]{subsection.6.2.2}{Use-Cases}{section.6.2}% 48
\BOOKMARK [2][-]{subsection.6.2.3}{Use Case Views}{section.6.2}% 49
\BOOKMARK [1][-]{section.6.3}{DATA MODEL AND DESCRIPTION}{chapter.6}% 50
\BOOKMARK [2][-]{subsection.6.3.1}{Data Description}{section.6.3}% 51
\BOOKMARK [2][-]{subsection.6.3.2}{Data Objects and Relationships}{section.6.3}% 52
\BOOKMARK [1][-]{section.6.4}{FUNCTIONAL MODEL AND DESCRIPTION}{chapter.6}% 53
\BOOKMARK [2][-]{subsection.6.4.1}{Data Flow Diagram}{section.6.4}% 54
\BOOKMARK [2][-]{subsection.6.4.2}{Non Functional Requirements}{section.6.4}% 55
\BOOKMARK [2][-]{subsection.6.4.3}{Sequence Diagram}{section.6.4}% 56
\BOOKMARK [0][-]{chapter.7}{DETAILED DESIGN DOCUMENT USING APPENDIX A AND B}{}% 57
\BOOKMARK [1][-]{section.7.1}{INTRODUCTION}{chapter.7}% 58
\BOOKMARK [2][-]{subsection.7.1.1}{Purpose}{section.7.1}% 59
\BOOKMARK [2][-]{subsection.7.1.2}{Scope}{section.7.1}% 60
\BOOKMARK [1][-]{section.7.2}{ARCHITECTURAL DESIGN}{chapter.7}% 61
\BOOKMARK [2][-]{subsection.7.2.1}{System Architecture}{section.7.2}% 62
\BOOKMARK [1][-]{section.7.3}{COMPONENT DESIGN}{chapter.7}% 63
\BOOKMARK [2][-]{subsection.7.3.1}{Class Diagrams}{section.7.3}% 64
\BOOKMARK [0][-]{chapter.8}{PROJECT IMPLEMENTATION}{}% 65
\BOOKMARK [1][-]{section.8.1}{INTRODUCTION}{chapter.8}% 66
\BOOKMARK [1][-]{section.8.2}{Goals and Objectives}{chapter.8}% 67
\BOOKMARK [1][-]{section.8.3}{TOOLS AND TECHNOLOGIES USED}{chapter.8}% 68
\BOOKMARK [0][-]{chapter.9}{SOFTWARE TESTING}{}% 69
\BOOKMARK [1][-]{section.9.1}{Statement of Scope}{chapter.9}% 70
\BOOKMARK [1][-]{section.9.2}{TEST PLAN}{chapter.9}% 71
\BOOKMARK [2][-]{subsection.9.2.1}{Testing Strategy}{section.9.2}% 72
\BOOKMARK [2][-]{subsection.9.2.2}{Unit Testing}{section.9.2}% 73
\BOOKMARK [2][-]{subsection.9.2.3}{Integration Testing}{section.9.2}% 74
\BOOKMARK [2][-]{subsection.9.2.4}{Static and Dynamic Analysis}{section.9.2}% 75
\BOOKMARK [2][-]{subsection.9.2.5}{GUI Testing}{section.9.2}% 76
\BOOKMARK [2][-]{subsection.9.2.6}{White Box Testing}{section.9.2}% 77
\BOOKMARK [2][-]{subsection.9.2.7}{Black Box Testing}{section.9.2}% 78
\BOOKMARK [2][-]{subsection.9.2.8}{Test Schedule}{section.9.2}% 79
\BOOKMARK [2][-]{subsection.9.2.9}{Test Case}{section.9.2}% 80
\BOOKMARK [0][-]{chapter.10}{Results}{}% 81
\BOOKMARK [1][-]{section.10.1}{User Interface}{chapter.10}% 82
\BOOKMARK [2][-]{subsection.10.1.1}{Web Application}{section.10.1}% 83
\BOOKMARK [2][-]{subsection.10.1.2}{Android Application}{section.10.1}% 84
\BOOKMARK [0][-]{chapter.11}{DEPLOYMENT AND MAINTENANCE}{}% 85
\BOOKMARK [1][-]{section.11.1}{INSTALLATION AND UN-INSTALLATION}{chapter.11}% 86
\BOOKMARK [0][-]{chapter.12}{CONCLUSION AND FUTURE SCOPE}{}% 87
\BOOKMARK [0][-]{Annexure.1.A}{Annexure References}{}% 88
\BOOKMARK [0][-]{Annexure.1.B}{Annexure LABORATORY ASSIGNMENTS ON PROJECT ANALYSIS OF ALGORITHM DESIGN}{}% 89
\BOOKMARK [0][-]{Annexure.1.C}{Annexure LABORATORY ASSIGNMENTS ON PROJECT QUALITY AND RELIABILITY TESTING OF PROJECT DESIGN}{}% 90
\BOOKMARK [0][-]{Annexure.1.D}{Annexure PROJECT PLANNER}{}% 91
\BOOKMARK [0][-]{Annexure.1.E}{Annexure REVIEWERS COMMENTS OF PAPER SUBMITTED}{}% 92
\BOOKMARK [0][-]{Annexure.1.F}{Annexure PLAGIARISM REPORT}{}% 93
\BOOKMARK [0][-]{Annexure.1.G}{Annexure TERM-II PROJECT LABORATORY ASSIGNMENT}{}% 94
\BOOKMARK [0][-]{Annexure.1.H}{Annexure INFORMATION OF PROJECT GROUP MEMBERS}{}% 95
